<?xml version="1.0" encoding="UTF-8"?>
<!-- Generated by org.testng.reporters.JUnitXMLReporter -->
<testsuite ignored="0" hostname="Lenovo-PC" failures="0" tests="5" name="Surefire test" time="1230.862" errors="0" timestamp="2021-02-08T13:20:37 GMT">
  <testcase classname="com.crm.qa.testcases.HomePageTest" name="@BeforeMethod setup" time="603.938">
    <failure type="org.openqa.selenium.SessionNotCreatedException" message="session not created
from timeout: Timed out receiving message from renderer: 600.000
  (Session info: chrome=88.0.4324.104)
Build info: version: &amp;apos;3.141.59&amp;apos;, revision: &amp;apos;e82be7d358&amp;apos;, time: &amp;apos;2018-11-14T08:17:03&amp;apos;
System info: host: &amp;apos;LENOVO-PC&amp;apos;, ip: &amp;apos;192.168.0.220&amp;apos;, os.name: &amp;apos;Windows 10&amp;apos;, os.arch: &amp;apos;amd64&amp;apos;, os.version: &amp;apos;10.0&amp;apos;, java.version: &amp;apos;11.0.9&amp;apos;
Driver info: driver.version: ChromeDriver
remote stacktrace: Backtrace:
	GetHandleVerifier [0x00CEB963+483]
	GetHandleVerifier [0x00CEB941+449]
	GetHandleVerifier [0x01093308+3832712]
	GetHandleVerifier [0x0108778C+3784716]
	GetHandleVerifier [0x01086A47+3781319]
	GetHandleVerifier [0x01086E36+3782326]
	GetHandleVerifier [0x01086765+3780581]
	GetHandleVerifier [0x0108FB21+3818401]
	GetHandleVerifier [0x01086721+3780513]
	GetHandleVerifier [0x010874B2+3783986]
	GetHandleVerifier [0x01086A47+3781319]
	GetHandleVerifier [0x01086E36+3782326]
	GetHandleVerifier [0x01086765+3780581]
	GetHandleVerifier [0x0108DF9C+3811356]
	GetHandleVerifier [0x01086721+3780513]
	GetHandleVerifier [0x010874B2+3783986]
	GetHandleVerifier [0x01086A47+3781319]
	GetHandleVerifier [0x01086E36+3782326]
	GetHandleVerifier [0x01086765+3780581]
	GetHandleVerifier [0x0108C392+3804178]
	GetHandleVerifier [0x01086721+3780513]
	GetHandleVerifier [0x010874B2+3783986]
	GetHandleVerifier [0x01086A47+3781319]
	GetHandleVerifier [0x01086E36+3782326]
	GetHandleVerifier [0x01086765+3780581]
	GetHandleVerifier [0x0108B655+3800789]
	GetHandleVerifier [0x01086721+3780513]
	GetHandleVerifier [0x010874B2+3783986]
	GetHandleVerifier [0x01086A47+3781319]
	GetHandleVerifier [0x01086E36+3782326]
	GetHandleVerifier [0x01086765+3780581]
	GetHandleVerifier [0x01082F46+3766214]
	GetHandleVerifier [0x01086721+3780513]
	GetHandleVerifier [0x01086543+3780035]
	GetHandleVerifier [0x01086337+3779511]
	GetHandleVerifier [0x01094540+3837376]
	GetHandleVerifier [0x010CF4BC+4078908]
	GetHandleVerifier [0x010CE56C+4074988]
	GetHandleVerifier [0x010CB2EB+4062059]
	GetHandleVerifier [0x010AED14+3945876]
	GetHandleVerifier [0x010AFBCE+3949646]
	GetHandleVerifier [0x010AFB59+3949529]
	Ordinal0 [0x00CAB5CC+46540]
	Ordinal0 [0x00CA9F53+40787]
	Ordinal0 [0x00CA9B12+39698]
	GetHandleVerifier [0x00FB1468+2907368]
	GetHandleVerifier [0x00DF71EE+1096302]
	GetHandleVerifier [0x00DB3E8D+821005]
	GetHandleVerifier [0x00DB396B+819691]
	GetHandleVerifier [0x00DB3881+819457]
	GetHandleVerifier [0x00DDF463+998627]
	BaseThreadInitThunk [0x75306359+25]
	RtlGetAppContainerNamedObjectPath [0x77A38944+228]
	RtlGetAppContainerNamedObjectPath [0x77A38914+180]
">
      <![CDATA[org.openqa.selenium.SessionNotCreatedException: session not created
from timeout: Timed out receiving message from renderer: 600.000
  (Session info: chrome=88.0.4324.104)
Build info: version: '3.141.59', revision: 'e82be7d358', time: '2018-11-14T08:17:03'
System info: host: 'LENOVO-PC', ip: '192.168.0.220', os.name: 'Windows 10', os.arch: 'amd64', os.version: '10.0', java.version: '11.0.9'
Driver info: driver.version: ChromeDriver
remote stacktrace: Backtrace:
GetHandleVerifier [0x00CEB963+483]
GetHandleVerifier [0x00CEB941+449]
GetHandleVerifier [0x01093308+3832712]
GetHandleVerifier [0x0108778C+3784716]
GetHandleVerifier [0x01086A47+3781319]
GetHandleVerifier [0x01086E36+3782326]
GetHandleVerifier [0x01086765+3780581]
GetHandleVerifier [0x0108FB21+3818401]
GetHandleVerifier [0x01086721+3780513]
GetHandleVerifier [0x010874B2+3783986]
GetHandleVerifier [0x01086A47+3781319]
GetHandleVerifier [0x01086E36+3782326]
GetHandleVerifier [0x01086765+3780581]
GetHandleVerifier [0x0108DF9C+3811356]
GetHandleVerifier [0x01086721+3780513]
GetHandleVerifier [0x010874B2+3783986]
GetHandleVerifier [0x01086A47+3781319]
GetHandleVerifier [0x01086E36+3782326]
GetHandleVerifier [0x01086765+3780581]
GetHandleVerifier [0x0108C392+3804178]
GetHandleVerifier [0x01086721+3780513]
GetHandleVerifier [0x010874B2+3783986]
GetHandleVerifier [0x01086A47+3781319]
GetHandleVerifier [0x01086E36+3782326]
GetHandleVerifier [0x01086765+3780581]
GetHandleVerifier [0x0108B655+3800789]
GetHandleVerifier [0x01086721+3780513]
GetHandleVerifier [0x010874B2+3783986]
GetHandleVerifier [0x01086A47+3781319]
GetHandleVerifier [0x01086E36+3782326]
GetHandleVerifier [0x01086765+3780581]
GetHandleVerifier [0x01082F46+3766214]
GetHandleVerifier [0x01086721+3780513]
GetHandleVerifier [0x01086543+3780035]
GetHandleVerifier [0x01086337+3779511]
GetHandleVerifier [0x01094540+3837376]
GetHandleVerifier [0x010CF4BC+4078908]
GetHandleVerifier [0x010CE56C+4074988]
GetHandleVerifier [0x010CB2EB+4062059]
GetHandleVerifier [0x010AED14+3945876]
GetHandleVerifier [0x010AFBCE+3949646]
GetHandleVerifier [0x010AFB59+3949529]
Ordinal0 [0x00CAB5CC+46540]
Ordinal0 [0x00CA9F53+40787]
Ordinal0 [0x00CA9B12+39698]
GetHandleVerifier [0x00FB1468+2907368]
GetHandleVerifier [0x00DF71EE+1096302]
GetHandleVerifier [0x00DB3E8D+821005]
GetHandleVerifier [0x00DB396B+819691]
GetHandleVerifier [0x00DB3881+819457]
GetHandleVerifier [0x00DDF463+998627]
BaseThreadInitThunk [0x75306359+25]
RtlGetAppContainerNamedObjectPath [0x77A38944+228]
RtlGetAppContainerNamedObjectPath [0x77A38914+180]

at org.openqa.selenium.remote.W3CHandshakeResponse.lambda$errorHandler$0(W3CHandshakeResponse.java:62)
at org.openqa.selenium.remote.HandshakeResponse.lambda$getResponseFunction$0(HandshakeResponse.java:30)
at org.openqa.selenium.remote.ProtocolHandshake.lambda$createSession$0(ProtocolHandshake.java:126)
at java.base/java.util.stream.ReferencePipeline$3$1.accept(ReferencePipeline.java:195)
at java.base/java.util.Spliterators$ArraySpliterator.tryAdvance(Spliterators.java:958)
at java.base/java.util.stream.ReferencePipeline.forEachWithCancel(ReferencePipeline.java:127)
at java.base/java.util.stream.AbstractPipeline.copyIntoWithCancel(AbstractPipeline.java:502)
at java.base/java.util.stream.AbstractPipeline.copyInto(AbstractPipeline.java:488)
at java.base/java.util.stream.AbstractPipeline.wrapAndCopyInto(AbstractPipeline.java:474)
at java.base/java.util.stream.FindOps$FindOp.evaluateSequential(FindOps.java:150)
at java.base/java.util.stream.AbstractPipeline.evaluate(AbstractPipeline.java:234)
at java.base/java.util.stream.ReferencePipeline.findFirst(ReferencePipeline.java:543)
at org.openqa.selenium.remote.ProtocolHandshake.createSession(ProtocolHandshake.java:128)
at org.openqa.selenium.remote.ProtocolHandshake.createSession(ProtocolHandshake.java:74)
at org.openqa.selenium.remote.HttpCommandExecutor.execute(HttpCommandExecutor.java:136)
at org.openqa.selenium.remote.service.DriverCommandExecutor.execute(DriverCommandExecutor.java:83)
at org.openqa.selenium.remote.RemoteWebDriver.execute(RemoteWebDriver.java:552)
at org.openqa.selenium.remote.RemoteWebDriver.startSession(RemoteWebDriver.java:213)
at org.openqa.selenium.remote.RemoteWebDriver.<init>(RemoteWebDriver.java:131)
at org.openqa.selenium.chrome.ChromeDriver.<init>(ChromeDriver.java:181)
at org.openqa.selenium.chrome.ChromeDriver.<init>(ChromeDriver.java:168)
at org.openqa.selenium.chrome.ChromeDriver.<init>(ChromeDriver.java:123)
at com.crm.qa.base.TestBase.initialization(TestBase.java:44)
at com.crm.qa.testcases.HomePageTest.setup(HomePageTest.java:28)
at java.base/java.util.ArrayList.forEach(ArrayList.java:1541)
... Removed 40 stack frames]]>
    </failure>
  </testcase> <!-- @BeforeMethod setup -->
  <testcase classname="com.crm.qa.testcases.HomePageTest" name="@AfterMethod tearDown" time="-1.612789833484E9">
    <skipped/>
  </testcase> <!-- @AfterMethod tearDown -->
  <testcase classname="com.crm.qa.testcases.HomePageTest" name="@BeforeMethod setup" time="-1.612789833486E9">
    <skipped/>
  </testcase> <!-- @BeforeMethod setup -->
  <testcase classname="com.crm.qa.testcases.HomePageTest" name="@AfterMethod tearDown" time="-1.612789833491E9">
    <skipped/>
  </testcase> <!-- @AfterMethod tearDown -->
  <testcase classname="com.crm.qa.testcases.LoginPageTest" name="@BeforeMethod setup" time="603.603">
    <failure type="org.openqa.selenium.SessionNotCreatedException" message="session not created
from timeout: Timed out receiving message from renderer: 600.000
  (Session info: chrome=88.0.4324.104)
Build info: version: &amp;apos;3.141.59&amp;apos;, revision: &amp;apos;e82be7d358&amp;apos;, time: &amp;apos;2018-11-14T08:17:03&amp;apos;
System info: host: &amp;apos;LENOVO-PC&amp;apos;, ip: &amp;apos;192.168.0.220&amp;apos;, os.name: &amp;apos;Windows 10&amp;apos;, os.arch: &amp;apos;amd64&amp;apos;, os.version: &amp;apos;10.0&amp;apos;, java.version: &amp;apos;11.0.9&amp;apos;
Driver info: driver.version: ChromeDriver
remote stacktrace: Backtrace:
	GetHandleVerifier [0x00CEB963+483]
	GetHandleVerifier [0x00CEB941+449]
	GetHandleVerifier [0x01093308+3832712]
	GetHandleVerifier [0x0108778C+3784716]
	GetHandleVerifier [0x01086A47+3781319]
	GetHandleVerifier [0x01086E36+3782326]
	GetHandleVerifier [0x01086765+3780581]
	GetHandleVerifier [0x0108FB21+3818401]
	GetHandleVerifier [0x01086721+3780513]
	GetHandleVerifier [0x010874B2+3783986]
	GetHandleVerifier [0x01086A47+3781319]
	GetHandleVerifier [0x01086E36+3782326]
	GetHandleVerifier [0x01086765+3780581]
	GetHandleVerifier [0x0108DF9C+3811356]
	GetHandleVerifier [0x01086721+3780513]
	GetHandleVerifier [0x010874B2+3783986]
	GetHandleVerifier [0x01086A47+3781319]
	GetHandleVerifier [0x01086E36+3782326]
	GetHandleVerifier [0x01086765+3780581]
	GetHandleVerifier [0x0108C392+3804178]
	GetHandleVerifier [0x01086721+3780513]
	GetHandleVerifier [0x010874B2+3783986]
	GetHandleVerifier [0x01086A47+3781319]
	GetHandleVerifier [0x01086E36+3782326]
	GetHandleVerifier [0x01086765+3780581]
	GetHandleVerifier [0x0108B655+3800789]
	GetHandleVerifier [0x01086721+3780513]
	GetHandleVerifier [0x010874B2+3783986]
	GetHandleVerifier [0x01086A47+3781319]
	GetHandleVerifier [0x01086E36+3782326]
	GetHandleVerifier [0x01086765+3780581]
	GetHandleVerifier [0x01082F46+3766214]
	GetHandleVerifier [0x01086721+3780513]
	GetHandleVerifier [0x01086543+3780035]
	GetHandleVerifier [0x01086337+3779511]
	GetHandleVerifier [0x01094540+3837376]
	GetHandleVerifier [0x010CF4BC+4078908]
	GetHandleVerifier [0x010CE56C+4074988]
	GetHandleVerifier [0x010CB2EB+4062059]
	GetHandleVerifier [0x010AED14+3945876]
	GetHandleVerifier [0x010AFBCE+3949646]
	GetHandleVerifier [0x010AFB59+3949529]
	Ordinal0 [0x00CAB5CC+46540]
	Ordinal0 [0x00CA9F53+40787]
	Ordinal0 [0x00CA9B12+39698]
	GetHandleVerifier [0x00FB1468+2907368]
	GetHandleVerifier [0x00DF71EE+1096302]
	GetHandleVerifier [0x00DB3E8D+821005]
	GetHandleVerifier [0x00DB396B+819691]
	GetHandleVerifier [0x00DB3881+819457]
	GetHandleVerifier [0x00DDF463+998627]
	BaseThreadInitThunk [0x75306359+25]
	RtlGetAppContainerNamedObjectPath [0x77A38944+228]
	RtlGetAppContainerNamedObjectPath [0x77A38914+180]
">
      <![CDATA[org.openqa.selenium.SessionNotCreatedException: session not created
from timeout: Timed out receiving message from renderer: 600.000
  (Session info: chrome=88.0.4324.104)
Build info: version: '3.141.59', revision: 'e82be7d358', time: '2018-11-14T08:17:03'
System info: host: 'LENOVO-PC', ip: '192.168.0.220', os.name: 'Windows 10', os.arch: 'amd64', os.version: '10.0', java.version: '11.0.9'
Driver info: driver.version: ChromeDriver
remote stacktrace: Backtrace:
GetHandleVerifier [0x00CEB963+483]
GetHandleVerifier [0x00CEB941+449]
GetHandleVerifier [0x01093308+3832712]
GetHandleVerifier [0x0108778C+3784716]
GetHandleVerifier [0x01086A47+3781319]
GetHandleVerifier [0x01086E36+3782326]
GetHandleVerifier [0x01086765+3780581]
GetHandleVerifier [0x0108FB21+3818401]
GetHandleVerifier [0x01086721+3780513]
GetHandleVerifier [0x010874B2+3783986]
GetHandleVerifier [0x01086A47+3781319]
GetHandleVerifier [0x01086E36+3782326]
GetHandleVerifier [0x01086765+3780581]
GetHandleVerifier [0x0108DF9C+3811356]
GetHandleVerifier [0x01086721+3780513]
GetHandleVerifier [0x010874B2+3783986]
GetHandleVerifier [0x01086A47+3781319]
GetHandleVerifier [0x01086E36+3782326]
GetHandleVerifier [0x01086765+3780581]
GetHandleVerifier [0x0108C392+3804178]
GetHandleVerifier [0x01086721+3780513]
GetHandleVerifier [0x010874B2+3783986]
GetHandleVerifier [0x01086A47+3781319]
GetHandleVerifier [0x01086E36+3782326]
GetHandleVerifier [0x01086765+3780581]
GetHandleVerifier [0x0108B655+3800789]
GetHandleVerifier [0x01086721+3780513]
GetHandleVerifier [0x010874B2+3783986]
GetHandleVerifier [0x01086A47+3781319]
GetHandleVerifier [0x01086E36+3782326]
GetHandleVerifier [0x01086765+3780581]
GetHandleVerifier [0x01082F46+3766214]
GetHandleVerifier [0x01086721+3780513]
GetHandleVerifier [0x01086543+3780035]
GetHandleVerifier [0x01086337+3779511]
GetHandleVerifier [0x01094540+3837376]
GetHandleVerifier [0x010CF4BC+4078908]
GetHandleVerifier [0x010CE56C+4074988]
GetHandleVerifier [0x010CB2EB+4062059]
GetHandleVerifier [0x010AED14+3945876]
GetHandleVerifier [0x010AFBCE+3949646]
GetHandleVerifier [0x010AFB59+3949529]
Ordinal0 [0x00CAB5CC+46540]
Ordinal0 [0x00CA9F53+40787]
Ordinal0 [0x00CA9B12+39698]
GetHandleVerifier [0x00FB1468+2907368]
GetHandleVerifier [0x00DF71EE+1096302]
GetHandleVerifier [0x00DB3E8D+821005]
GetHandleVerifier [0x00DB396B+819691]
GetHandleVerifier [0x00DB3881+819457]
GetHandleVerifier [0x00DDF463+998627]
BaseThreadInitThunk [0x75306359+25]
RtlGetAppContainerNamedObjectPath [0x77A38944+228]
RtlGetAppContainerNamedObjectPath [0x77A38914+180]

at org.openqa.selenium.remote.W3CHandshakeResponse.lambda$errorHandler$0(W3CHandshakeResponse.java:62)
at org.openqa.selenium.remote.HandshakeResponse.lambda$getResponseFunction$0(HandshakeResponse.java:30)
at org.openqa.selenium.remote.ProtocolHandshake.lambda$createSession$0(ProtocolHandshake.java:126)
at java.base/java.util.stream.ReferencePipeline$3$1.accept(ReferencePipeline.java:195)
at java.base/java.util.Spliterators$ArraySpliterator.tryAdvance(Spliterators.java:958)
at java.base/java.util.stream.ReferencePipeline.forEachWithCancel(ReferencePipeline.java:127)
at java.base/java.util.stream.AbstractPipeline.copyIntoWithCancel(AbstractPipeline.java:502)
at java.base/java.util.stream.AbstractPipeline.copyInto(AbstractPipeline.java:488)
at java.base/java.util.stream.AbstractPipeline.wrapAndCopyInto(AbstractPipeline.java:474)
at java.base/java.util.stream.FindOps$FindOp.evaluateSequential(FindOps.java:150)
at java.base/java.util.stream.AbstractPipeline.evaluate(AbstractPipeline.java:234)
at java.base/java.util.stream.ReferencePipeline.findFirst(ReferencePipeline.java:543)
at org.openqa.selenium.remote.ProtocolHandshake.createSession(ProtocolHandshake.java:128)
at org.openqa.selenium.remote.ProtocolHandshake.createSession(ProtocolHandshake.java:74)
at org.openqa.selenium.remote.HttpCommandExecutor.execute(HttpCommandExecutor.java:136)
at org.openqa.selenium.remote.service.DriverCommandExecutor.execute(DriverCommandExecutor.java:83)
at org.openqa.selenium.remote.RemoteWebDriver.execute(RemoteWebDriver.java:552)
at org.openqa.selenium.remote.RemoteWebDriver.startSession(RemoteWebDriver.java:213)
at org.openqa.selenium.remote.RemoteWebDriver.<init>(RemoteWebDriver.java:131)
at org.openqa.selenium.chrome.ChromeDriver.<init>(ChromeDriver.java:181)
at org.openqa.selenium.chrome.ChromeDriver.<init>(ChromeDriver.java:168)
at org.openqa.selenium.chrome.ChromeDriver.<init>(ChromeDriver.java:123)
at com.crm.qa.base.TestBase.initialization(TestBase.java:44)
at com.crm.qa.testcases.LoginPageTest.setup(LoginPageTest.java:22)
at java.base/java.util.ArrayList.forEach(ArrayList.java:1541)
... Removed 40 stack frames]]>
    </failure>
  </testcase> <!-- @BeforeMethod setup -->
  <testcase classname="com.crm.qa.testcases.LoginPageTest" name="@AfterMethod tearDown" time="-1.612790437106E9">
    <skipped/>
  </testcase> <!-- @AfterMethod tearDown -->
  <testcase classname="com.crm.qa.testcases.LoginPageTest" name="@BeforeMethod setup" time="-1.612790437108E9">
    <skipped/>
  </testcase> <!-- @BeforeMethod setup -->
  <testcase classname="com.crm.qa.testcases.LoginPageTest" name="@AfterMethod tearDown" time="-1.61279043711E9">
    <skipped/>
  </testcase> <!-- @AfterMethod tearDown -->
  <testcase classname="com.crm.qa.testcases.HomePageTest" name="verifyHomePageTitleTest" time="0.09"/>
  <testcase classname="com.crm.qa.testcases.HomePageTest" name="verifyUserNameTest" time="0.0">
    <skipped/>
  </testcase> <!-- verifyUserNameTest -->
  <testcase classname="com.crm.qa.testcases.HomePageTest" name="clickOnContactsPageTest" time="0.0">
    <skipped/>
  </testcase> <!-- clickOnContactsPageTest -->
  <testcase classname="com.crm.qa.testcases.LoginPageTest" name="loginPageTitleTest" time="0.0">
    <skipped/>
  </testcase> <!-- loginPageTitleTest -->
  <testcase classname="com.crm.qa.testcases.LoginPageTest" name="loginFunc" time="0.0">
    <skipped/>
  </testcase> <!-- loginFunc -->
</testsuite> <!-- Surefire test -->
