<?xml version="1.0" encoding="UTF-8"?>
<!-- Generated by org.testng.reporters.JUnitReportReporter -->
<testsuite hostname="Lenovo-PC" failures="0" tests="4" name="com.crm.qa.testcases.HomePageTest" time="627.009" errors="1" timestamp="2021-02-08T13:20:37 GMT" skipped="2">
  <testcase classname="com.crm.qa.testcases.HomePageTest" name="setup" time="626.919">
    <error message="session not created
from timeout: Timed out receiving message from renderer: 600.000
  (Session info: chrome=88.0.4324.104)
Build info: version: &#039;3.141.59&#039;, revision: &#039;e82be7d358&#039;, time: &#039;2018-11-14T08:17:03&#039;
System info: host: &#039;LENOVO-PC&#039;, ip: &#039;192.168.0.220&#039;, os.name: &#039;Windows 10&#039;, os.arch: &#039;amd64&#039;, os.version: &#039;10.0&#039;, java.version: &#039;11.0.9&#039;
Driver info: driver.version: ChromeDriver
remote stacktrace: Backtrace:
	GetHandleVerifier [0x00CEB963+483]
	GetHandleVerifier [0x00CEB941+449]
	GetHandleVerifier [0x01093308+3832712]
	GetHandleVerifier [0x0108778C+3784716]
	GetHandleVerifier [0x01086A47+3781319]
	GetHandleVerifier [0x01086E36+3782326]
	GetHandleVerifier [0x01086765+3780581]
	GetHandleVerifier [0x0108FB21+3818401]
	GetHandleVerifier [0x01086721+3780513]
	GetHandleVerifier [0x010874B2+3783986]
	GetHandleVerifier [0x01086A47+3781319]
	GetHandleVerifier [0x01086E36+3782326]
	GetHandleVerifier [0x01086765+3780581]
	GetHandleVerifier [0x0108DF9C+3811356]
	GetHandleVerifier [0x01086721+3780513]
	GetHandleVerifier [0x010874B2+3783986]
	GetHandleVerifier [0x01086A47+3781319]
	GetHandleVerifier [0x01086E36+3782326]
	GetHandleVerifier [0x01086765+3780581]
	GetHandleVerifier [0x0108C392+3804178]
	GetHandleVerifier [0x01086721+3780513]
	GetHandleVerifier [0x010874B2+3783986]
	GetHandleVerifier [0x01086A47+3781319]
	GetHandleVerifier [0x01086E36+3782326]
	GetHandleVerifier [0x01086765+3780581]
	GetHandleVerifier [0x0108B655+3800789]
	GetHandleVerifier [0x01086721+3780513]
	GetHandleVerifier [0x010874B2+3783986]
	GetHandleVerifier [0x01086A47+3781319]
	GetHandleVerifier [0x01086E36+3782326]
	GetHandleVerifier [0x01086765+3780581]
	GetHandleVerifier [0x01082F46+3766214]
	GetHandleVerifier [0x01086721+3780513]
	GetHandleVerifier [0x01086543+3780035]
	GetHandleVerifier [0x01086337+3779511]
	GetHandleVerifier [0x01094540+3837376]
	GetHandleVerifier [0x010CF4BC+4078908]
	GetHandleVerifier [0x010CE56C+4074988]
	GetHandleVerifier [0x010CB2EB+4062059]
	GetHandleVerifier [0x010AED14+3945876]
	GetHandleVerifier [0x010AFBCE+3949646]
	GetHandleVerifier [0x010AFB59+3949529]
	Ordinal0 [0x00CAB5CC+46540]
	Ordinal0 [0x00CA9F53+40787]
	Ordinal0 [0x00CA9B12+39698]
	GetHandleVerifier [0x00FB1468+2907368]
	GetHandleVerifier [0x00DF71EE+1096302]
	GetHandleVerifier [0x00DB3E8D+821005]
	GetHandleVerifier [0x00DB396B+819691]
	GetHandleVerifier [0x00DB3881+819457]
	GetHandleVerifier [0x00DDF463+998627]
	BaseThreadInitThunk [0x75306359+25]
	RtlGetAppContainerNamedObjectPath [0x77A38944+228]
	RtlGetAppContainerNamedObjectPath [0x77A38914+180]
" type="org.openqa.selenium.SessionNotCreatedException">
      <![CDATA[org.openqa.selenium.SessionNotCreatedException: session not created
from timeout: Timed out receiving message from renderer: 600.000
  (Session info: chrome=88.0.4324.104)
Build info: version: '3.141.59', revision: 'e82be7d358', time: '2018-11-14T08:17:03'
System info: host: 'LENOVO-PC', ip: '192.168.0.220', os.name: 'Windows 10', os.arch: 'amd64', os.version: '10.0', java.version: '11.0.9'
Driver info: driver.version: ChromeDriver
remote stacktrace: Backtrace:
GetHandleVerifier [0x00CEB963+483]
GetHandleVerifier [0x00CEB941+449]
GetHandleVerifier [0x01093308+3832712]
GetHandleVerifier [0x0108778C+3784716]
GetHandleVerifier [0x01086A47+3781319]
GetHandleVerifier [0x01086E36+3782326]
GetHandleVerifier [0x01086765+3780581]
GetHandleVerifier [0x0108FB21+3818401]
GetHandleVerifier [0x01086721+3780513]
GetHandleVerifier [0x010874B2+3783986]
GetHandleVerifier [0x01086A47+3781319]
GetHandleVerifier [0x01086E36+3782326]
GetHandleVerifier [0x01086765+3780581]
GetHandleVerifier [0x0108DF9C+3811356]
GetHandleVerifier [0x01086721+3780513]
GetHandleVerifier [0x010874B2+3783986]
GetHandleVerifier [0x01086A47+3781319]
GetHandleVerifier [0x01086E36+3782326]
GetHandleVerifier [0x01086765+3780581]
GetHandleVerifier [0x0108C392+3804178]
GetHandleVerifier [0x01086721+3780513]
GetHandleVerifier [0x010874B2+3783986]
GetHandleVerifier [0x01086A47+3781319]
GetHandleVerifier [0x01086E36+3782326]
GetHandleVerifier [0x01086765+3780581]
GetHandleVerifier [0x0108B655+3800789]
GetHandleVerifier [0x01086721+3780513]
GetHandleVerifier [0x010874B2+3783986]
GetHandleVerifier [0x01086A47+3781319]
GetHandleVerifier [0x01086E36+3782326]
GetHandleVerifier [0x01086765+3780581]
GetHandleVerifier [0x01082F46+3766214]
GetHandleVerifier [0x01086721+3780513]
GetHandleVerifier [0x01086543+3780035]
GetHandleVerifier [0x01086337+3779511]
GetHandleVerifier [0x01094540+3837376]
GetHandleVerifier [0x010CF4BC+4078908]
GetHandleVerifier [0x010CE56C+4074988]
GetHandleVerifier [0x010CB2EB+4062059]
GetHandleVerifier [0x010AED14+3945876]
GetHandleVerifier [0x010AFBCE+3949646]
GetHandleVerifier [0x010AFB59+3949529]
Ordinal0 [0x00CAB5CC+46540]
Ordinal0 [0x00CA9F53+40787]
Ordinal0 [0x00CA9B12+39698]
GetHandleVerifier [0x00FB1468+2907368]
GetHandleVerifier [0x00DF71EE+1096302]
GetHandleVerifier [0x00DB3E8D+821005]
GetHandleVerifier [0x00DB396B+819691]
GetHandleVerifier [0x00DB3881+819457]
GetHandleVerifier [0x00DDF463+998627]
BaseThreadInitThunk [0x75306359+25]
RtlGetAppContainerNamedObjectPath [0x77A38944+228]
RtlGetAppContainerNamedObjectPath [0x77A38914+180]

at java.base/jdk.internal.reflect.NativeConstructorAccessorImpl.newInstance0(Native Method)
at java.base/jdk.internal.reflect.NativeConstructorAccessorImpl.newInstance(NativeConstructorAccessorImpl.java:62)
at java.base/jdk.internal.reflect.DelegatingConstructorAccessorImpl.newInstance(DelegatingConstructorAccessorImpl.java:45)
at java.base/java.lang.reflect.Constructor.newInstance(Constructor.java:490)
at org.openqa.selenium.remote.W3CHandshakeResponse.lambda$errorHandler$0(W3CHandshakeResponse.java:62)
at org.openqa.selenium.remote.HandshakeResponse.lambda$getResponseFunction$0(HandshakeResponse.java:30)
at org.openqa.selenium.remote.ProtocolHandshake.lambda$createSession$0(ProtocolHandshake.java:126)
at java.base/java.util.stream.ReferencePipeline$3$1.accept(ReferencePipeline.java:195)
at java.base/java.util.Spliterators$ArraySpliterator.tryAdvance(Spliterators.java:958)
at java.base/java.util.stream.ReferencePipeline.forEachWithCancel(ReferencePipeline.java:127)
at java.base/java.util.stream.AbstractPipeline.copyIntoWithCancel(AbstractPipeline.java:502)
at java.base/java.util.stream.AbstractPipeline.copyInto(AbstractPipeline.java:488)
at java.base/java.util.stream.AbstractPipeline.wrapAndCopyInto(AbstractPipeline.java:474)
at java.base/java.util.stream.FindOps$FindOp.evaluateSequential(FindOps.java:150)
at java.base/java.util.stream.AbstractPipeline.evaluate(AbstractPipeline.java:234)
at java.base/java.util.stream.ReferencePipeline.findFirst(ReferencePipeline.java:543)
at org.openqa.selenium.remote.ProtocolHandshake.createSession(ProtocolHandshake.java:128)
at org.openqa.selenium.remote.ProtocolHandshake.createSession(ProtocolHandshake.java:74)
at org.openqa.selenium.remote.HttpCommandExecutor.execute(HttpCommandExecutor.java:136)
at org.openqa.selenium.remote.service.DriverCommandExecutor.execute(DriverCommandExecutor.java:83)
at org.openqa.selenium.remote.RemoteWebDriver.execute(RemoteWebDriver.java:552)
at org.openqa.selenium.remote.RemoteWebDriver.startSession(RemoteWebDriver.java:213)
at org.openqa.selenium.remote.RemoteWebDriver.<init>(RemoteWebDriver.java:131)
at org.openqa.selenium.chrome.ChromeDriver.<init>(ChromeDriver.java:181)
at org.openqa.selenium.chrome.ChromeDriver.<init>(ChromeDriver.java:168)
at org.openqa.selenium.chrome.ChromeDriver.<init>(ChromeDriver.java:123)
at com.crm.qa.base.TestBase.initialization(TestBase.java:44)
at com.crm.qa.testcases.HomePageTest.setup(HomePageTest.java:28)
at java.base/jdk.internal.reflect.NativeMethodAccessorImpl.invoke0(Native Method)
at java.base/jdk.internal.reflect.NativeMethodAccessorImpl.invoke(NativeMethodAccessorImpl.java:62)
at java.base/jdk.internal.reflect.DelegatingMethodAccessorImpl.invoke(DelegatingMethodAccessorImpl.java:43)
at java.base/java.lang.reflect.Method.invoke(Method.java:566)
at org.testng.internal.MethodInvocationHelper.invokeMethod(MethodInvocationHelper.java:134)
at org.testng.internal.MethodInvocationHelper.invokeMethodConsideringTimeout(MethodInvocationHelper.java:63)
at org.testng.internal.ConfigInvoker.invokeConfigurationMethod(ConfigInvoker.java:348)
at org.testng.internal.ConfigInvoker.invokeConfigurations(ConfigInvoker.java:302)
at org.testng.internal.TestInvoker.runConfigMethods(TestInvoker.java:695)
at org.testng.internal.TestInvoker.invokeMethod(TestInvoker.java:523)
at org.testng.internal.TestInvoker.invokeTestMethod(TestInvoker.java:173)
at org.testng.internal.MethodRunner.runInSequence(MethodRunner.java:46)
at org.testng.internal.TestInvoker$MethodInvocationAgent.invoke(TestInvoker.java:816)
at org.testng.internal.TestInvoker.invokeTestMethods(TestInvoker.java:146)
at org.testng.internal.TestMethodWorker.invokeTestMethods(TestMethodWorker.java:146)
at org.testng.internal.TestMethodWorker.run(TestMethodWorker.java:128)
at java.base/java.util.ArrayList.forEach(ArrayList.java:1541)
at org.testng.TestRunner.privateRun(TestRunner.java:766)
at org.testng.TestRunner.run(TestRunner.java:587)
at org.testng.SuiteRunner.runTest(SuiteRunner.java:384)
at org.testng.SuiteRunner.runSequentially(SuiteRunner.java:378)
at org.testng.SuiteRunner.privateRun(SuiteRunner.java:337)
at org.testng.SuiteRunner.run(SuiteRunner.java:286)
at org.testng.SuiteRunnerWorker.runSuite(SuiteRunnerWorker.java:53)
at org.testng.SuiteRunnerWorker.run(SuiteRunnerWorker.java:96)
at org.testng.TestNG.runSuitesSequentially(TestNG.java:1187)
at org.testng.TestNG.runSuitesLocally(TestNG.java:1109)
at org.testng.TestNG.runSuites(TestNG.java:1039)
at org.testng.TestNG.run(TestNG.java:1007)
at org.apache.maven.surefire.testng.TestNGExecutor.run(TestNGExecutor.java:135)
at org.apache.maven.surefire.testng.TestNGDirectoryTestSuite.executeMulti(TestNGDirectoryTestSuite.java:193)
at org.apache.maven.surefire.testng.TestNGDirectoryTestSuite.execute(TestNGDirectoryTestSuite.java:94)
at org.apache.maven.surefire.testng.TestNGProvider.invoke(TestNGProvider.java:146)
at org.apache.maven.surefire.booter.ForkedBooter.invokeProviderInSameClassLoader(ForkedBooter.java:384)
at org.apache.maven.surefire.booter.ForkedBooter.runSuitesInProcess(ForkedBooter.java:345)
at org.apache.maven.surefire.booter.ForkedBooter.execute(ForkedBooter.java:126)
at org.apache.maven.surefire.booter.ForkedBooter.main(ForkedBooter.java:418)
]]>
    </error>
  </testcase> <!-- setup -->
  <system-out/>
  <testcase classname="com.crm.qa.testcases.HomePageTest" name="verifyHomePageTitleTest" time="0.090"/>
  <system-out/>
  <testcase classname="com.crm.qa.testcases.HomePageTest" name="verifyUserNameTest" time="0.000">
    <skipped/>
  </testcase> <!-- verifyUserNameTest -->
  <system-out/>
  <testcase classname="com.crm.qa.testcases.HomePageTest" name="clickOnContactsPageTest" time="0.000">
    <skipped/>
  </testcase> <!-- clickOnContactsPageTest -->
  <system-out/>
</testsuite> <!-- com.crm.qa.testcases.HomePageTest -->
